<?xml version="1.0" encoding="UTF-8"?>
<testng-results skipped="0" failed="0" total="1" passed="1">
  <reporter-output>
  </reporter-output>
  <suite name="Suite" duration-ms="6784" started-at="2020-09-04T20:10:45Z" finished-at="2020-09-04T20:10:51Z">
    <groups>
      <group name="cucumber">
        <method signature="AbstractTestNGCucumberTests.feature(cucumber.api.testng.CucumberFeatureWrapper)[pri:0, instance:com.osa.runner.RunRegression@525b461a]" name="feature" class="cucumber.api.testng.AbstractTestNGCucumberTests"/>
      </group> <!-- cucumber -->
    </groups>
    <test name="Test" duration-ms="6784" started-at="2020-09-04T20:10:45Z" finished-at="2020-09-04T20:10:51Z">
      <class name="com.osa.runner.RunRegression">
        <test-method status="PASS" signature="setUpClass()[pri:0, instance:com.osa.runner.RunRegression@525b461a]" name="setUpClass" is-config="true" duration-ms="258" started-at="2020-09-04T16:10:45Z" finished-at="2020-09-04T16:10:45Z">
          <reporter-output>
          </reporter-output>
        </test-method> <!-- setUpClass -->
        <test-method status="PASS" signature="feature(cucumber.api.testng.CucumberFeatureWrapper)[pri:0, instance:com.osa.runner.RunRegression@525b461a]" name="feature" duration-ms="6394" started-at="2020-09-04T16:10:45Z" description="Runs Cucumber Feature" data-provider="features" finished-at="2020-09-04T16:10:51Z">
          <params>
            <param index="0">
              <value>
                <![CDATA[Title of your feature I want to use this template for my feature file]]>
              </value>
            </param>
          </params>
          <reporter-output>
          </reporter-output>
        </test-method> <!-- feature -->
        <test-method status="PASS" signature="tearDownClass()[pri:0, instance:com.osa.runner.RunRegression@525b461a]" name="tearDownClass" is-config="true" duration-ms="18" started-at="2020-09-04T16:10:51Z" finished-at="2020-09-04T16:10:51Z">
          <reporter-output>
          </reporter-output>
        </test-method> <!-- tearDownClass -->
      </class> <!-- com.osa.runner.RunRegression -->
    </test> <!-- Test -->
  </suite> <!-- Suite -->
</testng-results>
